<?xml version="1.0" encoding="UTF-8"?>
<!-- Generated by org.testng.reporters.JUnitReportReporter -->
<testsuite skipped="0" hostname="ABHI-PC" name="com.crm.qa.testcases.HomePageTest" tests="3" failures="0" timestamp="26 Mar 2020 15:30:59 GMT" time="88.254" errors="0">
  <testcase name="addContactTest" time="34.802" classname="com.crm.qa.testcases.HomePageTest"/>
  <testcase name="navigateToContactsPage" time="34.789" classname="com.crm.qa.testcases.HomePageTest"/>
  <testcase name="verifyUsernameTest" time="18.663" classname="com.crm.qa.testcases.HomePageTest"/>
</testsuite> <!-- com.crm.qa.testcases.HomePageTest -->
