<?xml version="1.0" encoding="UTF-8"?>
<!-- Generated by org.testng.reporters.JUnitReportReporter -->
<testsuite skipped="0" hostname="ABHI-PC" name="com.crm.qa.testcases.LoginPageTest" tests="2" failures="0" timestamp="24 Mar 2020 20:09:01 GMT" time="27.543" errors="0">
  <testcase name="verifyTitleTest" time="15.159" classname="com.crm.qa.testcases.LoginPageTest"/>
  <testcase name="loginTest" time="12.384" classname="com.crm.qa.testcases.LoginPageTest"/>
</testsuite> <!-- com.crm.qa.testcases.LoginPageTest -->
